[     762ms] [ERROR] A tree hydrated but some attributes of the server rendered HTML didn't match the client properties. This won't be patched up. This can happen if a SSR-ed Client Component used:

- A server/client branch `if (typeof window !== 'undefined')`.
- Variable input such as `Date.now()` or `Math.random()` which changes each time it's called.
- Date formatting in a user's locale which doesn't match the server.
- External changing data without sending a snapshot of it along with the HTML.
- Invalid HTML tag nesting.

It can also happen if the client has a browser extension installed which messes with the HTML before React loaded.

%s%s https://react.dev/link/hydration-mismatch 

  ...
    <SegmentViewNode type="page" pagePath="roles/page...">
      <SegmentTrieNode>
      <RolesPage>
        <header>
        <RolesPage>
          <PageContainer>
            <main className={"flex-1 o..."}>
              ...
                <Dialog data-slot="dialog" open={false} onOpenChange={function bound dispatchSetState}>
                  <DialogProvider scope={undefined} triggerRef={{current:null}} contentRef={{current:null}} ...>
                    <DialogTrigger asChild={true}>
                      <DialogTrigger data-slot="dialog-tri..." asChild={true}>
                        <Primitive.button type="button" aria-haspopup="dialog" aria-expanded={false} ...>
                          <Primitive.button.Slot type="button" aria-haspopup="dialog" aria-expanded={false} ...>
                            <Primitive.button.SlotClone type="button" aria-haspopup="dialog" aria-expanded={false} ...>
                              <Button type="button" aria-haspopup="dialog" aria-expanded={false} ...>
                                <button
                                  data-slot="dialog-trigger"
                                  data-variant="default"
                                  data-size="default"
                                  className={"inline-flex items-center justify-center gap-2 whitespace-nowrap rounded..."}
                                  type="button"
                                  aria-haspopup="dialog"
                                  aria-expanded={false}
+                                 aria-controls="radix-_R_2d5esnelb_"
-                                 aria-controls="radix-_R_9klritplb_"
                                  data-state="closed"
                                  onClick={function handleEvent}
                                  ref={function}
                                >
                    ...
              <Tabs defaultValue="all">
                <Tabs data-slot="tabs" data-orientation="horizontal" orientation="horizontal" className="group/tabs..." ...>
                  <TabsProvider scope={undefined} baseId="radix-_R_l..." value="all" ...>
                    <Primitive.div dir="ltr" data-orientation="horizontal" data-slot="tabs" className="group/tabs..." ...>
                      <div dir="ltr" data-orientation="horizontal" data-slot="tabs" className="group/tabs..." ref={null}>
                        ...
                          <div role="tablist" aria-orientation="horizontal" data-slot="tabs-list" data-variant="default" ...>
                            ...
                              <Primitive.span.Slot tabIndex={-1} data-orientation="horizontal" ...>
                                <Primitive.span.SlotClone tabIndex={-1} data-orientation="horizontal" ...>
                                  <Primitive.button type="button" role="tab" aria-selected={true} ...>
                                    <button
                                      type="button"
                                      role="tab"
                                      aria-selected={true}
+                                     aria-controls="radix-_R_l5esnelb_-content-all"
-                                     aria-controls="radix-_R_2klritplb_-content-all"
                                      data-state="active"
                                      data-disabled={undefined}
                                      disabled={false}
+                                     id="radix-_R_l5esnelb_-trigger-all"
-                                     id="radix-_R_2klritplb_-trigger-all"
                                      data-slot="tabs-trigger"
                                      className={"focus-visible:border-ring focus-visible:ring-ring/50 focus-visible:..."}
                                      onMouseDown={function}
                                      onKeyDown={function}
                                      onFocus={function}
                                      tabIndex={-1}
                                      data-orientation="horizontal"
                                      data-radix-collection-item=""
                                      ref={function}
                                    >
                            ...
                              <Primitive.span.Slot tabIndex={-1} data-orientation="horizontal" ...>
                                <Primitive.span.SlotClone tabIndex={-1} data-orientation="horizontal" ...>
                                  <Primitive.button type="button" role="tab" aria-selected={false} ...>
                                    <button
                                      type="button"
                                      role="tab"
                                      aria-selected={false}
+                                     aria-controls="radix-_R_l5esnelb_-content-function"
-                                     aria-controls="radix-_R_2klritplb_-content-function"
                                      data-state="inactive"
                                      data-disabled={undefined}
                                      disabled={false}
+                                     id="radix-_R_l5esnelb_-trigger-function"
-                                     id="radix-_R_2klritplb_-trigger-function"
                                      data-slot="tabs-trigger"
                                      className={"focus-visible:border-ring focus-visible:ring-ring/50 focus-visible:..."}
                                      onMouseDown={function}
                                      onKeyDown={function}
                                      onFocus={function}
                                      tabIndex={-1}
                                      data-orientation="horizontal"
                                      data-radix-collection-item=""
                                      ref={function}
                                    >
                            ...
                              <Primitive.span.Slot tabIndex={-1} data-orientation="horizontal" ...>
                                <Primitive.span.SlotClone tabIndex={-1} data-orientation="horizontal" ...>
                                  <Primitive.button type="button" role="tab" aria-selected={false} ...>
                                    <button
                                      type="button"
                                      role="tab"
                                      aria-selected={false}
+                                     aria-controls="radix-_R_l5esnelb_-content-authority"
-                                     aria-controls="radix-_R_2klritplb_-content-authority"
                                      data-state="inactive"
                                      data-disabled={undefined}
                                      disabled={false}
+                                     id="radix-_R_l5esnelb_-trigger-authority"
-                                     id="radix-_R_2klritplb_-trigger-authority"
                                      data-slot="tabs-trigger"
                                      className={"focus-visible:border-ring focus-visible:ring-ring/50 focus-visible:..."}
                                      onMouseDown={function}
                                      onKeyDown={function}
                                      onFocus={function}
                                      tabIndex={-1}
                                      data-orientation="horizontal"
                                      data-radix-collection-item=""
                                      ref={function}
                                    >
                            ...
                              <Primitive.span.Slot tabIndex={-1} data-orientation="horizontal" ...>
                                <Primitive.span.SlotClone tabIndex={-1} data-orientation="horizontal" ...>
                                  <Primitive.button type="button" role="tab" aria-selected={false} ...>
                                    <button
                                      type="button"
                                      role="tab"
                                      aria-selected={false}
+                                     aria-controls="radix-_R_l5esnelb_-content-position"
-                                     aria-controls="radix-_R_2klritplb_-content-position"
                                      data-state="inactive"
                                      data-disabled={undefined}
                                      disabled={false}
+                                     id="radix-_R_l5esnelb_-trigger-position"
-                                     id="radix-_R_2klritplb_-trigger-position"
                                      data-slot="tabs-trigger"
                                      className={"focus-visible:border-ring focus-visible:ring-ring/50 focus-visible:..."}
                                      onMouseDown={function}
                                      onKeyDown={function}
                                      onFocus={function}
                                      tabIndex={-1}
                                      data-orientation="horizontal"
                                      data-radix-collection-item=""
                                      ref={function}
                                    >
                        <TabsContent value="all" className="mt-4">
                          <TabsContent data-slot="tabs-content" className="flex-1 out..." value="all">
                            <Presence present={true}>
                              <Primitive.div data-state="active" data-orientation="horizontal" role="tabpanel" ...>
                                <div
                                  data-state="active"
                                  data-orientation="horizontal"
                                  role="tabpanel"
+                                 aria-labelledby="radix-_R_l5esnelb_-trigger-all"
-                                 aria-labelledby="radix-_R_2klritplb_-trigger-all"
                                  hidden={false}
+                                 id="radix-_R_l5esnelb_-content-all"
-                                 id="radix-_R_2klritplb_-content-all"
                                  tabIndex={0}
                                  data-slot="tabs-content"
                                  className="flex-1 outline-none mt-4"
                                  style={{animationDuration:"0s"}}
                                  ref={function}
                                >
    ...
 @ http://localhost:3000/_next/static/chunks/node_modules_next_dist_f3530cac._.js:3127
